Arguments: 
  C:\Program Files\nodejs\node.exe C:\Program Files (x86)\Yarn\bin\yarn.js add dom-helpers

PATH: 
  C:\WINDOWS\system32;C:\WINDOWS;C:\WINDOWS\System32\Wbem;C:\WINDOWS\System32\WindowsPowerShell\v1.0\;C:\WINDOWS\System32\OpenSSH\;C:\php-7.4.10-x64;C:\Program Files (x86)\Common Files\Acronis\SnapAPI\;C:\Program Files\Microsoft VS Code\bin;C:\Program Files\SlikSvn\bin;C:\Program Files\PuTTY\;C:\Program Files\nodejs\;C:\Program Files (x86)\Yarn\bin\;D:\Program Files\flutter\bin;D:\Programs\AndroidSDKNew;C:\Program Files\Git\cmd;C:\Users\Mahdi\.windows-build-tools\python27;C:\ProgramData\ComposerSetup\bin;C:\Users\Mahdi\.windows-build-tools\python27\;%USERPROFILE%\AppData\Local\Microsoft\WindowsApps;C:\Program Files\Microsoft VS Code\bin;C:\Users\Mahdi\AppData\Roaming\Composer\vendor\bin;C:\Users\Mahdi\AppData\Local\Programs\Microsoft VS Code\bin;C:\Users\Mahdi\AppData\Roaming\npm;C:\Program Files\Genymobile\Genymotion\tools;C:\Users\Mahdi\AppData\Local\Yarn\bin;C:\Users\Mahdi\AppData\Local\hyper\app-3.0.2\resources\bin

Yarn version: 
  1.21.1

Node version: 
  10.18.0

Platform: 
  win32 x64

Trace: 
  Error: connect ECONNREFUSED 159.69.30.175:443
      at TCPConnectWrap.afterConnect [as oncomplete] (net.js:1107:14)

npm manifest: 
  {
    "name": "jamkaran",
    "productName": "jamkaran",
    "version": "1.0.0",
    "description": "My Electron application description",
    "main": "src/main.js",
    "scripts": {
      "start": "electron-forge start",
      "package": "electron-forge package",
      "make": "electron-forge make",
      "publish": "electron-forge publish",
      "lint": "eslint --cache --color --ext .jsx,.js src"
    },
    "keywords": [],
    "author": "takrayan",
    "license": "MIT",
    "config": {
      "forge": {
        "make_targets": {
          "win32": [
            "squirrel"
          ],
          "darwin": [
            "zip"
          ],
          "linux": [
            "deb",
            "rpm"
          ]
        },
        "electronPackagerConfig": {
          "packageManager": "yarn",
          "icon": "./src/assets/media/images/logo"
        },
        "electronWinstallerConfig": {
          "name": "jamkaran",
          "icon": "./src/assets/media/images/logo"
        },
        "electronInstallerDebian": {},
        "electronInstallerRedhat": {},
        "github_repository": {
          "owner": "",
          "name": ""
        },
        "windowsStoreConfig": {
          "packageName": "",
          "name": "jamkaran"
        }
      }
    },
    "dependencies": {
      "axios": "^0.20.0",
      "babel-preset-stage-2": "^6.24.1",
      "dom-helpers": "^5.2.0",
      "electron-compile": "^6.4.4",
      "electron-devtools-installer": "^2.1.0",
      "electron-localstorage": "^1.0.5",
      "electron-squirrel-startup": "^1.0.0",
      "jquery": "^3.5.1",
      "react": "^16.13.1",
      "react-dom": "^16.13.1",
      "react-fast-compare": "^3.2.0",
      "react-hot-loader": "^3.0.0-beta.6",
      "react-jsx-parser": "^1.25.1",
      "react-notifications": "^1.6.0",
      "react-router-dom": "^5.2.0",
      "sails-disk": "^2.1.0",
      "sails-nedb": "^0.10.1-a3",
      "waterline": "^0.13.6"
    },
    "devDependencies": {
      "babel-plugin-transform-async-to-generator": "^6.24.1",
      "babel-plugin-transform-es2015-classes": "^6.24.1",
      "babel-preset-env": "^1.7.0",
      "babel-preset-react": "^6.24.1",
      "electron-forge": "^5.2.4",
      "electron-prebuilt-compile": "8.2.0",
      "eslint": "^3",
      "eslint-config-airbnb": "^15",
      "eslint-plugin-import": "^2",
      "eslint-plugin-jsx-a11y": "^5",
      "eslint-plugin-react": "^7"
    }
  }

yarn manifest: 
  No manifest

Lockfile: 
  No lockfile
